{"/home/bdavidriggins/Documents/prop_manager_pro/src/app/error.tsx": {"path":"/home/bdavidriggins/Documents/prop_manager_pro/src/app/error.tsx","statementMap":{"0":{"start":{"line":13,"column":4},"end":{"line":16,"column":null}},"1":{"start":{"line":15,"column":8},"end":{"line":15,"column":null}},"2":{"start":{"line":18,"column":4},"end":{"line":34,"column":null}},"3":{"start":{"line":29,"column":31},"end":{"line":29,"column":null}}},"fnMap":{"0":{"name":"ErrorBoundary","decl":{"start":{"line":6,"column":24},"end":{"line":6,"column":38}},"loc":{"start":{"line":12,"column":3},"end":{"line":36,"column":null}},"line":12},"1":{"name":"(anonymous_1)","decl":{"start":{"line":13,"column":14},"end":{"line":13,"column":20}},"loc":{"start":{"line":13,"column":20},"end":{"line":16,"column":7}},"line":13},"2":{"name":"(anonymous_2)","decl":{"start":{"line":29,"column":25},"end":{"line":29,"column":31}},"loc":{"start":{"line":29,"column":31},"end":{"line":29,"column":null}},"line":29}},"branchMap":{},"s":{"0":1,"1":1,"2":1,"3":1},"f":{"0":1,"1":1,"2":1},"b":{},"meta":{"lastBranch":0,"lastFunction":3,"lastStatement":4,"seen":{"f:6:24:6:38":0,"s:13:4:16:Infinity":0,"f:13:14:13:20":1,"s:15:8:15:Infinity":1,"s:18:4:34:Infinity":2,"f:29:25:29:31":2,"s:29:31:29:Infinity":3}}}
,"/home/bdavidriggins/Documents/prop_manager_pro/src/app/global-error.tsx": {"path":"/home/bdavidriggins/Documents/prop_manager_pro/src/app/global-error.tsx","statementMap":{"0":{"start":{"line":15,"column":4},"end":{"line":21,"column":null}},"1":{"start":{"line":17,"column":8},"end":{"line":20,"column":null}},"2":{"start":{"line":23,"column":4},"end":{"line":42,"column":null}},"3":{"start":{"line":35,"column":39},"end":{"line":35,"column":null}}},"fnMap":{"0":{"name":"GlobalError","decl":{"start":{"line":8,"column":24},"end":{"line":8,"column":36}},"loc":{"start":{"line":14,"column":3},"end":{"line":44,"column":null}},"line":14},"1":{"name":"(anonymous_1)","decl":{"start":{"line":15,"column":14},"end":{"line":15,"column":20}},"loc":{"start":{"line":15,"column":20},"end":{"line":21,"column":7}},"line":15},"2":{"name":"(anonymous_2)","decl":{"start":{"line":35,"column":33},"end":{"line":35,"column":39}},"loc":{"start":{"line":35,"column":39},"end":{"line":35,"column":null}},"line":35}},"branchMap":{},"s":{"0":1,"1":1,"2":1,"3":1},"f":{"0":1,"1":1,"2":1},"b":{},"meta":{"lastBranch":0,"lastFunction":3,"lastStatement":4,"seen":{"f:8:24:8:36":0,"s:15:4:21:Infinity":0,"f:15:14:15:20":1,"s:17:8:20:Infinity":1,"s:23:4:42:Infinity":2,"f:35:33:35:39":2,"s:35:39:35:Infinity":3}}}
,"/home/bdavidriggins/Documents/prop_manager_pro/src/app/page.tsx": {"path":"/home/bdavidriggins/Documents/prop_manager_pro/src/app/page.tsx","statementMap":{"0":{"start":{"line":13,"column":4},"end":{"line":87,"column":null}}},"fnMap":{"0":{"name":"Dashboard","decl":{"start":{"line":12,"column":9},"end":{"line":12,"column":21}},"loc":{"start":{"line":12,"column":21},"end":{"line":89,"column":null}},"line":12}},"branchMap":{},"s":{"0":1},"f":{"0":1},"b":{},"meta":{"lastBranch":0,"lastFunction":1,"lastStatement":1,"seen":{"f:12:9:12:21":0,"s:13:4:87:Infinity":0}}}
,"/home/bdavidriggins/Documents/prop_manager_pro/src/app/vendors/page.tsx": {"path":"/home/bdavidriggins/Documents/prop_manager_pro/src/app/vendors/page.tsx","statementMap":{"0":{"start":{"line":11,"column":4},"end":{"line":61,"column":null}}},"fnMap":{"0":{"name":"VendorsPage","decl":{"start":{"line":10,"column":9},"end":{"line":10,"column":23}},"loc":{"start":{"line":10,"column":23},"end":{"line":63,"column":null}},"line":10}},"branchMap":{},"s":{"0":1},"f":{"0":1},"b":{},"meta":{"lastBranch":0,"lastFunction":1,"lastStatement":1,"seen":{"f:10:9:10:23":0,"s:11:4:61:Infinity":0}}}
,"/home/bdavidriggins/Documents/prop_manager_pro/src/app/work-orders/page.tsx": {"path":"/home/bdavidriggins/Documents/prop_manager_pro/src/app/work-orders/page.tsx","statementMap":{"0":{"start":{"line":11,"column":4},"end":{"line":62,"column":null}}},"fnMap":{"0":{"name":"WorkOrdersPage","decl":{"start":{"line":10,"column":9},"end":{"line":10,"column":26}},"loc":{"start":{"line":10,"column":26},"end":{"line":64,"column":null}},"line":10}},"branchMap":{},"s":{"0":1},"f":{"0":1},"b":{},"meta":{"lastBranch":0,"lastFunction":1,"lastStatement":1,"seen":{"f:10:9:10:26":0,"s:11:4:62:Infinity":0}}}
,"/home/bdavidriggins/Documents/prop_manager_pro/src/components/auth/ProtectedRoute.tsx": {"path":"/home/bdavidriggins/Documents/prop_manager_pro/src/components/auth/ProtectedRoute.tsx","statementMap":{"0":{"start":{"line":18,"column":26},"end":{"line":18,"column":null}},"1":{"start":{"line":19,"column":10},"end":{"line":19,"column":null}},"2":{"start":{"line":21,"column":4},"end":{"line":26,"column":null}},"3":{"start":{"line":22,"column":8},"end":{"line":25,"column":null}},"4":{"start":{"line":23,"column":12},"end":{"line":23,"column":null}},"5":{"start":{"line":24,"column":12},"end":{"line":24,"column":null}},"6":{"start":{"line":29,"column":4},"end":{"line":38,"column":null}},"7":{"start":{"line":30,"column":8},"end":{"line":36,"column":null}},"8":{"start":{"line":42,"column":4},"end":{"line":44,"column":null}},"9":{"start":{"line":43,"column":8},"end":{"line":43,"column":null}},"10":{"start":{"line":46,"column":4},"end":{"line":46,"column":null}}},"fnMap":{"0":{"name":"ProtectedRoute","decl":{"start":{"line":17,"column":16},"end":{"line":17,"column":31}},"loc":{"start":{"line":17,"column":90},"end":{"line":47,"column":null}},"line":17},"1":{"name":"(anonymous_1)","decl":{"start":{"line":21,"column":14},"end":{"line":21,"column":20}},"loc":{"start":{"line":21,"column":20},"end":{"line":26,"column":7}},"line":21}},"branchMap":{"0":{"loc":{"start":{"line":17,"column":43},"end":{"line":17,"column":66}},"type":"default-arg","locations":[{"start":{"line":17,"column":57},"end":{"line":17,"column":66}}],"line":17},"1":{"loc":{"start":{"line":22,"column":8},"end":{"line":25,"column":null}},"type":"if","locations":[{"start":{"line":22,"column":8},"end":{"line":25,"column":null}},{"start":{},"end":{}}],"line":22},"2":{"loc":{"start":{"line":22,"column":12},"end":{"line":22,"column":31}},"type":"binary-expr","locations":[{"start":{"line":22,"column":12},"end":{"line":22,"column":24}},{"start":{"line":22,"column":24},"end":{"line":22,"column":31}}],"line":22},"3":{"loc":{"start":{"line":29,"column":4},"end":{"line":38,"column":null}},"type":"if","locations":[{"start":{"line":29,"column":4},"end":{"line":38,"column":null}},{"start":{},"end":{}}],"line":29},"4":{"loc":{"start":{"line":42,"column":4},"end":{"line":44,"column":null}},"type":"if","locations":[{"start":{"line":42,"column":4},"end":{"line":44,"column":null}},{"start":{},"end":{}}],"line":42}},"s":{"0":6,"1":6,"2":6,"3":6,"4":1,"5":1,"6":6,"7":1,"8":5,"9":1,"10":4},"f":{"0":6,"1":6},"b":{"0":[6],"1":[1,5],"2":[6,5],"3":[1,5],"4":[1,4]},"meta":{"lastBranch":5,"lastFunction":2,"lastStatement":11,"seen":{"f:17:16:17:31":0,"b:17:57:17:66":0,"s:18:26:18:Infinity":0,"s:19:10:19:Infinity":1,"s:21:4:26:Infinity":2,"f:21:14:21:20":1,"b:22:8:25:Infinity:undefined:undefined:undefined:undefined":1,"s:22:8:25:Infinity":3,"b:22:12:22:24:22:24:22:31":2,"s:23:12:23:Infinity":4,"s:24:12:24:Infinity":5,"b:29:4:38:Infinity:undefined:undefined:undefined:undefined":3,"s:29:4:38:Infinity":6,"s:30:8:36:Infinity":7,"b:42:4:44:Infinity:undefined:undefined:undefined:undefined":4,"s:42:4:44:Infinity":8,"s:43:8:43:Infinity":9,"s:46:4:46:Infinity":10}}}
,"/home/bdavidriggins/Documents/prop_manager_pro/src/components/dashboard/KPICard.tsx": {"path":"/home/bdavidriggins/Documents/prop_manager_pro/src/components/dashboard/KPICard.tsx","statementMap":{"0":{"start":{"line":30,"column":23},"end":{"line":30,"column":null}},"1":{"start":{"line":31,"column":23},"end":{"line":31,"column":null}},"2":{"start":{"line":32,"column":22},"end":{"line":32,"column":null}},"3":{"start":{"line":34,"column":4},"end":{"line":46,"column":null}},"4":{"start":{"line":35,"column":8},"end":{"line":44,"column":null}},"5":{"start":{"line":49,"column":22},"end":{"line":49,"column":null}},"6":{"start":{"line":51,"column":4},"end":{"line":78,"column":null}}},"fnMap":{"0":{"name":"KPICard","decl":{"start":{"line":21,"column":16},"end":{"line":21,"column":24}},"loc":{"start":{"line":28,"column":17},"end":{"line":80,"column":null}},"line":28}},"branchMap":{"0":{"loc":{"start":{"line":27,"column":4},"end":{"line":27,"column":null}},"type":"default-arg","locations":[{"start":{"line":27,"column":14},"end":{"line":27,"column":null}}],"line":27},"1":{"loc":{"start":{"line":30,"column":23},"end":{"line":30,"column":null}},"type":"binary-expr","locations":[{"start":{"line":30,"column":23},"end":{"line":30,"column":46}},{"start":{"line":30,"column":46},"end":{"line":30,"column":null}}],"line":30},"2":{"loc":{"start":{"line":31,"column":23},"end":{"line":31,"column":null}},"type":"cond-expr","locations":[{"start":{"line":31,"column":36},"end":{"line":31,"column":57}},{"start":{"line":31,"column":57},"end":{"line":31,"column":null}}],"line":31},"3":{"loc":{"start":{"line":32,"column":22},"end":{"line":32,"column":null}},"type":"cond-expr","locations":[{"start":{"line":32,"column":35},"end":{"line":32,"column":41}},{"start":{"line":32,"column":41},"end":{"line":32,"column":null}}],"line":32},"4":{"loc":{"start":{"line":34,"column":4},"end":{"line":46,"column":null}},"type":"if","locations":[{"start":{"line":34,"column":4},"end":{"line":46,"column":null}},{"start":{},"end":{}}],"line":34},"5":{"loc":{"start":{"line":49,"column":22},"end":{"line":49,"column":null}},"type":"binary-expr","locations":[{"start":{"line":49,"column":22},"end":{"line":49,"column":31}},{"start":{"line":49,"column":31},"end":{"line":49,"column":null}}],"line":49},"6":{"loc":{"start":{"line":69,"column":13},"end":{"line":76,"column":null}},"type":"binary-expr","locations":[{"start":{"line":69,"column":13},"end":{"line":69,"column":null}},{"start":{"line":70,"column":16},"end":{"line":76,"column":null}}],"line":69},"7":{"loc":{"start":{"line":75,"column":21},"end":{"line":75,"column":null}},"type":"binary-expr","locations":[{"start":{"line":75,"column":21},"end":{"line":75,"column":35}},{"start":{"line":75,"column":35},"end":{"line":75,"column":null}}],"line":75}},"s":{"0":9,"1":9,"2":9,"3":9,"4":1,"5":8,"6":9},"f":{"0":9},"b":{"0":[9],"1":[9,6],"2":[4,5],"3":[4,5],"4":[1,8],"5":[8,1],"6":[9,6],"7":[6,6]},"meta":{"lastBranch":8,"lastFunction":1,"lastStatement":7,"seen":{"f:21:16:21:24":0,"b:27:14:27:Infinity":0,"s:30:23:30:Infinity":0,"b:30:23:30:46:30:46:30:Infinity":1,"s:31:23:31:Infinity":1,"b:31:36:31:57:31:57:31:Infinity":2,"s:32:22:32:Infinity":2,"b:32:35:32:41:32:41:32:Infinity":3,"b:34:4:46:Infinity:undefined:undefined:undefined:undefined":4,"s:34:4:46:Infinity":3,"s:35:8:44:Infinity":4,"s:49:22:49:Infinity":5,"b:49:22:49:31:49:31:49:Infinity":5,"s:51:4:78:Infinity":6,"b:69:13:69:Infinity:70:16:76:Infinity":6,"b:75:21:75:35:75:35:75:Infinity":7}}}
,"/home/bdavidriggins/Documents/prop_manager_pro/src/lib/logger.ts": {"path":"/home/bdavidriggins/Documents/prop_manager_pro/src/lib/logger.ts","statementMap":{"0":{"start":{"line":4,"column":6},"end":{"line":19,"column":null}},"1":{"start":{"line":8,"column":35},"end":{"line":8,"column":null}}},"fnMap":{"0":{"name":"(anonymous_0)","decl":{"start":{"line":8,"column":15},"end":{"line":8,"column":16}},"loc":{"start":{"line":8,"column":35},"end":{"line":8,"column":null}},"line":8}},"branchMap":{"0":{"loc":{"start":{"line":5,"column":11},"end":{"line":5,"column":null}},"type":"binary-expr","locations":[{"start":{"line":5,"column":11},"end":{"line":5,"column":51}},{"start":{"line":5,"column":51},"end":{"line":5,"column":null}}],"line":5},"1":{"loc":{"start":{"line":12,"column":17},"end":{"line":12,"column":null}},"type":"binary-expr","locations":[{"start":{"line":12,"column":17},"end":{"line":12,"column":45}},{"start":{"line":12,"column":45},"end":{"line":12,"column":null}}],"line":12},"2":{"loc":{"start":{"line":16,"column":15},"end":{"line":18,"column":null}},"type":"cond-expr","locations":[{"start":{"line":17,"column":10},"end":{"line":17,"column":null}},{"start":{"line":18,"column":10},"end":{"line":18,"column":null}}],"line":16}},"s":{"0":4,"1":24},"f":{"0":24},"b":{"0":[4,4],"1":[4,4],"2":[0,4]},"meta":{"lastBranch":3,"lastFunction":1,"lastStatement":2,"seen":{"s:4:6:19:Infinity":0,"b:5:11:5:51:5:51:5:Infinity":0,"f:8:15:8:16":0,"s:8:35:8:Infinity":1,"b:12:17:12:45:12:45:12:Infinity":1,"b:17:10:17:Infinity:18:10:18:Infinity":2}}}
,"/home/bdavidriggins/Documents/prop_manager_pro/src/lib/trace.ts": {"path":"/home/bdavidriggins/Documents/prop_manager_pro/src/lib/trace.ts","statementMap":{"0":{"start":{"line":14,"column":4},"end":{"line":31,"column":null}},"1":{"start":{"line":15,"column":8},"end":{"line":15,"column":null}},"2":{"start":{"line":16,"column":22},"end":{"line":16,"column":null}},"3":{"start":{"line":18,"column":8},"end":{"line":30,"column":null}},"4":{"start":{"line":19,"column":27},"end":{"line":19,"column":null}},"5":{"start":{"line":20,"column":28},"end":{"line":20,"column":null}},"6":{"start":{"line":21,"column":12},"end":{"line":21,"column":null}},"7":{"start":{"line":22,"column":12},"end":{"line":22,"column":null}},"8":{"start":{"line":24,"column":28},"end":{"line":24,"column":null}},"9":{"start":{"line":25,"column":12},"end":{"line":28,"column":null}},"10":{"start":{"line":29,"column":12},"end":{"line":29,"column":null}}},"fnMap":{"0":{"name":"withTrace","decl":{"start":{"line":10,"column":16},"end":{"line":10,"column":null}},"loc":{"start":{"line":13,"column":30},"end":{"line":32,"column":null}},"line":13},"1":{"name":"(anonymous_1)","decl":{"start":{"line":14,"column":11},"end":{"line":14,"column":21}},"loc":{"start":{"line":14,"column":45},"end":{"line":31,"column":null}},"line":14}},"branchMap":{"0":{"loc":{"start":{"line":26,"column":58},"end":{"line":26,"column":114}},"type":"cond-expr","locations":[{"start":{"line":26,"column":83},"end":{"line":26,"column":99}},{"start":{"line":26,"column":99},"end":{"line":26,"column":114}}],"line":26}},"s":{"0":8,"1":10,"2":10,"3":10,"4":10,"5":6,"6":6,"7":6,"8":4,"9":4,"10":4},"f":{"0":8,"1":10},"b":{"0":[3,1]},"meta":{"lastBranch":1,"lastFunction":2,"lastStatement":11,"seen":{"f:10:16:10:Infinity":0,"s:14:4:31:Infinity":0,"f:14:11:14:21":1,"s:15:8:15:Infinity":1,"s:16:22:16:Infinity":2,"s:18:8:30:Infinity":3,"s:19:27:19:Infinity":4,"s:20:28:20:Infinity":5,"s:21:12:21:Infinity":6,"s:22:12:22:Infinity":7,"s:24:28:24:Infinity":8,"s:25:12:28:Infinity":9,"b:26:83:26:99:26:99:26:114":0,"s:29:12:29:Infinity":10}}}
,"/home/bdavidriggins/Documents/prop_manager_pro/src/lib/api/properties.ts": {"path":"/home/bdavidriggins/Documents/prop_manager_pro/src/lib/api/properties.ts","statementMap":{"0":{"start":{"line":8,"column":19},"end":{"line":8,"column":null}},"1":{"start":{"line":13,"column":15},"end":{"line":13,"column":null}},"2":{"start":{"line":18,"column":13},"end":{"line":30,"column":null}},"3":{"start":{"line":19,"column":10},"end":{"line":19,"column":null}},"4":{"start":{"line":20,"column":20},"end":{"line":20,"column":null}},"5":{"start":{"line":22,"column":4},"end":{"line":27,"column":null}},"6":{"start":{"line":23,"column":8},"end":{"line":26,"column":null}},"7":{"start":{"line":29,"column":4},"end":{"line":29,"column":null}},"8":{"start":{"line":35,"column":13},"end":{"line":46,"column":null}},"9":{"start":{"line":38,"column":14},"end":{"line":38,"column":null}},"10":{"start":{"line":39,"column":30},"end":{"line":39,"column":null}},"11":{"start":{"line":41,"column":8},"end":{"line":44,"column":null}},"12":{"start":{"line":41,"column":46},"end":{"line":44,"column":10}},"13":{"start":{"line":51,"column":13},"end":{"line":62,"column":null}},"14":{"start":{"line":54,"column":14},"end":{"line":54,"column":null}},"15":{"start":{"line":56,"column":8},"end":{"line":60,"column":null}},"16":{"start":{"line":67,"column":13},"end":{"line":77,"column":null}},"17":{"start":{"line":70,"column":14},"end":{"line":70,"column":null}},"18":{"start":{"line":72,"column":8},"end":{"line":75,"column":null}},"19":{"start":{"line":82,"column":13},"end":{"line":88,"column":null}},"20":{"start":{"line":85,"column":14},"end":{"line":85,"column":null}},"21":{"start":{"line":86,"column":8},"end":{"line":86,"column":null}}},"fnMap":{"0":{"name":"(anonymous_0)","decl":{"start":{"line":13,"column":15},"end":{"line":13,"column":21}},"loc":{"start":{"line":13,"column":15},"end":{"line":13,"column":null}},"line":13},"1":{"name":"(anonymous_1)","decl":{"start":{"line":18,"column":59},"end":{"line":18,"column":66}},"loc":{"start":{"line":18,"column":100},"end":{"line":30,"column":1}},"line":18},"2":{"name":"(anonymous_2)","decl":{"start":{"line":37,"column":4},"end":{"line":37,"column":11}},"loc":{"start":{"line":37,"column":52},"end":{"line":45,"column":null}},"line":37},"3":{"name":"(anonymous_3)","decl":{"start":{"line":41,"column":38},"end":{"line":41,"column":46}},"loc":{"start":{"line":41,"column":46},"end":{"line":44,"column":10}},"line":41},"4":{"name":"(anonymous_4)","decl":{"start":{"line":53,"column":4},"end":{"line":53,"column":11}},"loc":{"start":{"line":53,"column":105},"end":{"line":61,"column":null}},"line":53},"5":{"name":"(anonymous_5)","decl":{"start":{"line":69,"column":4},"end":{"line":69,"column":11}},"loc":{"start":{"line":69,"column":104},"end":{"line":76,"column":null}},"line":69},"6":{"name":"(anonymous_6)","decl":{"start":{"line":84,"column":4},"end":{"line":84,"column":11}},"loc":{"start":{"line":84,"column":41},"end":{"line":87,"column":null}},"line":84}},"branchMap":{"0":{"loc":{"start":{"line":22,"column":4},"end":{"line":27,"column":null}},"type":"if","locations":[{"start":{"line":22,"column":4},"end":{"line":27,"column":null}},{"start":{},"end":{}}],"line":22}},"s":{"0":1,"1":3,"2":1,"3":3,"4":3,"5":3,"6":2,"7":1,"8":1,"9":1,"10":1,"11":1,"12":2,"13":1,"14":1,"15":1,"16":1,"17":1,"18":1,"19":1,"20":1,"21":1},"f":{"0":3,"1":3,"2":1,"3":2,"4":1,"5":1,"6":1},"b":{"0":[2,1]},"meta":{"lastBranch":1,"lastFunction":7,"lastStatement":22,"seen":{"s:8:19:8:Infinity":0,"s:13:15:13:Infinity":1,"f:13:15:13:21":0,"s:18:13:30:Infinity":2,"f:18:59:18:66":1,"s:19:10:19:Infinity":3,"s:20:20:20:Infinity":4,"b:22:4:27:Infinity:undefined:undefined:undefined:undefined":0,"s:22:4:27:Infinity":5,"s:23:8:26:Infinity":6,"s:29:4:29:Infinity":7,"s:35:13:46:Infinity":8,"f:37:4:37:11":2,"s:38:14:38:Infinity":9,"s:39:30:39:Infinity":10,"s:41:8:44:Infinity":11,"f:41:38:41:46":3,"s:41:46:44:10":12,"s:51:13:62:Infinity":13,"f:53:4:53:11":4,"s:54:14:54:Infinity":14,"s:56:8:60:Infinity":15,"s:67:13:77:Infinity":16,"f:69:4:69:11":5,"s:70:14:70:Infinity":17,"s:72:8:75:Infinity":18,"s:82:13:88:Infinity":19,"f:84:4:84:11":6,"s:85:14:85:Infinity":20,"s:86:8:86:Infinity":21}}}
,"/home/bdavidriggins/Documents/prop_manager_pro/src/lib/auth/AuthContext.tsx": {"path":"/home/bdavidriggins/Documents/prop_manager_pro/src/lib/auth/AuthContext.tsx","statementMap":{"0":{"start":{"line":14,"column":6},"end":{"line":17,"column":null}},"1":{"start":{"line":19,"column":23},"end":{"line":19,"column":null}},"2":{"start":{"line":22,"column":24},"end":{"line":22,"column":null}},"3":{"start":{"line":23,"column":30},"end":{"line":23,"column":null}},"4":{"start":{"line":25,"column":4},"end":{"line":56,"column":null}},"5":{"start":{"line":27,"column":14},"end":{"line":42,"column":null}},"6":{"start":{"line":28,"column":12},"end":{"line":28,"column":null}},"7":{"start":{"line":30,"column":18},"end":{"line":39,"column":null}},"8":{"start":{"line":31,"column":16},"end":{"line":31,"column":null}},"9":{"start":{"line":32,"column":16},"end":{"line":32,"column":null}},"10":{"start":{"line":34,"column":16},"end":{"line":38,"column":null}},"11":{"start":{"line":35,"column":20},"end":{"line":35,"column":null}},"12":{"start":{"line":37,"column":20},"end":{"line":37,"column":null}},"13":{"start":{"line":41,"column":12},"end":{"line":41,"column":null}},"14":{"start":{"line":46,"column":8},"end":{"line":51,"column":null}},"15":{"start":{"line":47,"column":12},"end":{"line":47,"column":null}},"16":{"start":{"line":49,"column":12},"end":{"line":49,"column":null}},"17":{"start":{"line":50,"column":12},"end":{"line":50,"column":null}},"18":{"start":{"line":53,"column":8},"end":{"line":55,"column":null}},"19":{"start":{"line":54,"column":12},"end":{"line":54,"column":null}},"20":{"start":{"line":54,"column":31},"end":{"line":54,"column":null}},"21":{"start":{"line":58,"column":4},"end":{"line":61,"column":null}}},"fnMap":{"0":{"name":"(anonymous_0)","decl":{"start":{"line":19,"column":23},"end":{"line":19,"column":29}},"loc":{"start":{"line":19,"column":23},"end":{"line":19,"column":null}},"line":19},"1":{"name":"AuthProvider","decl":{"start":{"line":21,"column":16},"end":{"line":21,"column":29}},"loc":{"start":{"line":21,"column":74},"end":{"line":63,"column":null}},"line":21},"2":{"name":"(anonymous_2)","decl":{"start":{"line":25,"column":14},"end":{"line":25,"column":20}},"loc":{"start":{"line":25,"column":20},"end":{"line":56,"column":7}},"line":25},"3":{"name":"(anonymous_3)","decl":{"start":{"line":27,"column":65},"end":{"line":27,"column":77}},"loc":{"start":{"line":27,"column":77},"end":{"line":42,"column":9}},"line":27},"4":{"name":"(anonymous_4)","decl":{"start":{"line":30,"column":57},"end":{"line":30,"column":58}},"loc":{"start":{"line":30,"column":75},"end":{"line":39,"column":13}},"line":30},"5":{"name":"(anonymous_5)","decl":{"start":{"line":46,"column":32},"end":{"line":46,"column":33}},"loc":{"start":{"line":46,"column":40},"end":{"line":48,"column":9}},"line":46},"6":{"name":"(anonymous_6)","decl":{"start":{"line":48,"column":17},"end":{"line":48,"column":18}},"loc":{"start":{"line":48,"column":26},"end":{"line":51,"column":9}},"line":48},"7":{"name":"(anonymous_7)","decl":{"start":{"line":53,"column":15},"end":{"line":53,"column":21}},"loc":{"start":{"line":53,"column":21},"end":{"line":55,"column":null}},"line":53}},"branchMap":{"0":{"loc":{"start":{"line":34,"column":16},"end":{"line":38,"column":null}},"type":"if","locations":[{"start":{"line":34,"column":16},"end":{"line":38,"column":null}},{"start":{"line":36,"column":23},"end":{"line":38,"column":null}}],"line":34},"1":{"loc":{"start":{"line":54,"column":12},"end":{"line":54,"column":null}},"type":"if","locations":[{"start":{"line":54,"column":12},"end":{"line":54,"column":null}},{"start":{},"end":{}}],"line":54}},"s":{"0":2,"1":7,"2":7,"3":7,"4":7,"5":4,"6":4,"7":4,"8":2,"9":2,"10":2,"11":1,"12":1,"13":4,"14":4,"15":3,"16":1,"17":1,"18":4,"19":4,"20":3,"21":7},"f":{"0":7,"1":7,"2":4,"3":4,"4":2,"5":3,"6":1,"7":4},"b":{"0":[1,1],"1":[3,1]},"meta":{"lastBranch":2,"lastFunction":8,"lastStatement":22,"seen":{"s:14:6:17:Infinity":0,"s:19:23:19:Infinity":1,"f:19:23:19:29":0,"f:21:16:21:29":1,"s:22:24:22:Infinity":2,"s:23:30:23:Infinity":3,"s:25:4:56:Infinity":4,"f:25:14:25:20":2,"s:27:14:42:Infinity":5,"f:27:65:27:77":3,"s:28:12:28:Infinity":6,"s:30:18:39:Infinity":7,"f:30:57:30:58":4,"s:31:16:31:Infinity":8,"s:32:16:32:Infinity":9,"b:34:16:38:Infinity:36:23:38:Infinity":0,"s:34:16:38:Infinity":10,"s:35:20:35:Infinity":11,"s:37:20:37:Infinity":12,"s:41:12:41:Infinity":13,"s:46:8:51:Infinity":14,"f:46:32:46:33":5,"s:47:12:47:Infinity":15,"f:48:17:48:18":6,"s:49:12:49:Infinity":16,"s:50:12:50:Infinity":17,"s:53:8:55:Infinity":18,"f:53:15:53:21":7,"b:54:12:54:Infinity:undefined:undefined:undefined:undefined":1,"s:54:12:54:Infinity":19,"s:54:31:54:Infinity":20,"s:58:4:61:Infinity":21}}}
,"/home/bdavidriggins/Documents/prop_manager_pro/src/lib/errors/ApplicationError.ts": {"path":"/home/bdavidriggins/Documents/prop_manager_pro/src/lib/errors/ApplicationError.ts","statementMap":{"0":{"start":{"line":12,"column":8},"end":{"line":12,"column":null}},"1":{"start":{"line":13,"column":8},"end":{"line":13,"column":null}},"2":{"start":{"line":16,"column":21},"end":{"line":16,"column":null}},"3":{"start":{"line":17,"column":24},"end":{"line":17,"column":null}},"4":{"start":{"line":19,"column":8},"end":{"line":24,"column":null}},"5":{"start":{"line":26,"column":8},"end":{"line":26,"column":null}},"6":{"start":{"line":29,"column":8},"end":{"line":29,"column":null}},"7":{"start":{"line":36,"column":8},"end":{"line":42,"column":null}}},"fnMap":{"0":{"name":"(anonymous_0)","decl":{"start":{"line":11,"column":4},"end":{"line":11,"column":16}},"loc":{"start":{"line":11,"column":85},"end":{"line":30,"column":null}},"line":11},"1":{"name":"(anonymous_1)","decl":{"start":{"line":35,"column":11},"end":{"line":35,"column":20}},"loc":{"start":{"line":35,"column":20},"end":{"line":43,"column":null}},"line":35}},"branchMap":{"0":{"loc":{"start":{"line":11,"column":33},"end":{"line":11,"column":70}},"type":"default-arg","locations":[{"start":{"line":11,"column":66},"end":{"line":11,"column":70}}],"line":11},"1":{"loc":{"start":{"line":16,"column":21},"end":{"line":16,"column":null}},"type":"binary-expr","locations":[{"start":{"line":16,"column":21},"end":{"line":16,"column":44}},{"start":{"line":16,"column":44},"end":{"line":16,"column":null}}],"line":16},"2":{"loc":{"start":{"line":20,"column":21},"end":{"line":20,"column":null}},"type":"binary-expr","locations":[{"start":{"line":20,"column":21},"end":{"line":20,"column":40}},{"start":{"line":20,"column":40},"end":{"line":20,"column":null}}],"line":20},"3":{"loc":{"start":{"line":21,"column":22},"end":{"line":21,"column":null}},"type":"binary-expr","locations":[{"start":{"line":21,"column":22},"end":{"line":21,"column":42}},{"start":{"line":21,"column":42},"end":{"line":21,"column":null}}],"line":21},"4":{"loc":{"start":{"line":22,"column":23},"end":{"line":22,"column":null}},"type":"binary-expr","locations":[{"start":{"line":22,"column":23},"end":{"line":22,"column":44}},{"start":{"line":22,"column":44},"end":{"line":22,"column":null}}],"line":22},"5":{"loc":{"start":{"line":41,"column":19},"end":{"line":41,"column":null}},"type":"cond-expr","locations":[{"start":{"line":41,"column":32},"end":{"line":41,"column":53}},{"start":{"line":41,"column":53},"end":{"line":41,"column":null}}],"line":41}},"s":{"0":13,"1":13,"2":13,"3":13,"4":13,"5":13,"6":13,"7":2},"f":{"0":13,"1":2},"b":{"0":[13],"1":[13,0],"2":[13,8],"3":[13,5],"4":[13,12],"5":[1,1]},"meta":{"lastBranch":6,"lastFunction":2,"lastStatement":8,"seen":{"f:11:4:11:16":0,"b:11:66:11:70":0,"s:12:8:12:Infinity":0,"s:13:8:13:Infinity":1,"s:16:21:16:Infinity":2,"b:16:21:16:44:16:44:16:Infinity":1,"s:17:24:17:Infinity":3,"s:19:8:24:Infinity":4,"b:20:21:20:40:20:40:20:Infinity":2,"b:21:22:21:42:21:42:21:Infinity":3,"b:22:23:22:44:22:44:22:Infinity":4,"s:26:8:26:Infinity":5,"s:29:8:29:Infinity":6,"f:35:11:35:20":1,"s:36:8:42:Infinity":7,"b:41:32:41:53:41:53:41:Infinity":5}}}
,"/home/bdavidriggins/Documents/prop_manager_pro/src/lib/errors/handlers.ts": {"path":"/home/bdavidriggins/Documents/prop_manager_pro/src/lib/errors/handlers.ts","statementMap":{"0":{"start":{"line":10,"column":4},"end":{"line":12,"column":null}},"1":{"start":{"line":11,"column":8},"end":{"line":11,"column":null}},"2":{"start":{"line":14,"column":4},"end":{"line":16,"column":null}},"3":{"start":{"line":15,"column":8},"end":{"line":15,"column":null}},"4":{"start":{"line":18,"column":4},"end":{"line":18,"column":null}},"5":{"start":{"line":29,"column":29},"end":{"line":29,"column":null}},"6":{"start":{"line":31,"column":4},"end":{"line":33,"column":null}},"7":{"start":{"line":32,"column":8},"end":{"line":32,"column":null}},"8":{"start":{"line":36,"column":20},"end":{"line":40,"column":null}},"9":{"start":{"line":42,"column":23},"end":{"line":51,"column":null}},"10":{"start":{"line":53,"column":4},"end":{"line":57,"column":null}},"11":{"start":{"line":54,"column":8},"end":{"line":54,"column":null}},"12":{"start":{"line":56,"column":8},"end":{"line":56,"column":null}},"13":{"start":{"line":59,"column":4},"end":{"line":59,"column":null}}},"fnMap":{"0":{"name":"normalizeError","decl":{"start":{"line":9,"column":16},"end":{"line":9,"column":31}},"loc":{"start":{"line":9,"column":63},"end":{"line":19,"column":null}},"line":9},"1":{"name":"handleError","decl":{"start":{"line":28,"column":16},"end":{"line":28,"column":28}},"loc":{"start":{"line":28,"column":92},"end":{"line":60,"column":null}},"line":28}},"branchMap":{"0":{"loc":{"start":{"line":10,"column":4},"end":{"line":12,"column":null}},"type":"if","locations":[{"start":{"line":10,"column":4},"end":{"line":12,"column":null}},{"start":{},"end":{}}],"line":10},"1":{"loc":{"start":{"line":14,"column":4},"end":{"line":16,"column":null}},"type":"if","locations":[{"start":{"line":14,"column":4},"end":{"line":16,"column":null}},{"start":{},"end":{}}],"line":14},"2":{"loc":{"start":{"line":31,"column":4},"end":{"line":33,"column":null}},"type":"if","locations":[{"start":{"line":31,"column":4},"end":{"line":33,"column":null}},{"start":{},"end":{}}],"line":31},"3":{"loc":{"start":{"line":53,"column":4},"end":{"line":57,"column":null}},"type":"if","locations":[{"start":{"line":53,"column":4},"end":{"line":57,"column":null}},{"start":{"line":55,"column":11},"end":{"line":57,"column":null}}],"line":53}},"s":{"0":3,"1":1,"2":2,"3":1,"4":1,"5":2,"6":2,"7":1,"8":2,"9":2,"10":2,"11":1,"12":1,"13":2},"f":{"0":3,"1":2},"b":{"0":[1,2],"1":[1,1],"2":[1,1],"3":[1,1]},"meta":{"lastBranch":4,"lastFunction":2,"lastStatement":14,"seen":{"f:9:16:9:31":0,"b:10:4:12:Infinity:undefined:undefined:undefined:undefined":0,"s:10:4:12:Infinity":0,"s:11:8:11:Infinity":1,"b:14:4:16:Infinity:undefined:undefined:undefined:undefined":1,"s:14:4:16:Infinity":2,"s:15:8:15:Infinity":3,"s:18:4:18:Infinity":4,"f:28:16:28:28":1,"s:29:29:29:Infinity":5,"b:31:4:33:Infinity:undefined:undefined:undefined:undefined":2,"s:31:4:33:Infinity":6,"s:32:8:32:Infinity":7,"s:36:20:40:Infinity":8,"s:42:23:51:Infinity":9,"b:53:4:57:Infinity:55:11:57:Infinity":3,"s:53:4:57:Infinity":10,"s:54:8:54:Infinity":11,"s:56:8:56:Infinity":12,"s:59:4:59:Infinity":13}}}
,"/home/bdavidriggins/Documents/prop_manager_pro/src/lib/errors/types.ts": {"path":"/home/bdavidriggins/Documents/prop_manager_pro/src/lib/errors/types.ts","statementMap":{"0":{"start":{"line":5,"column":7},"end":{"line":5,"column":null}},"1":{"start":{"line":6,"column":4},"end":{"line":6,"column":null}},"2":{"start":{"line":7,"column":4},"end":{"line":7,"column":null}},"3":{"start":{"line":8,"column":4},"end":{"line":8,"column":null}},"4":{"start":{"line":9,"column":4},"end":{"line":9,"column":null}},"5":{"start":{"line":10,"column":4},"end":{"line":10,"column":null}},"6":{"start":{"line":11,"column":4},"end":{"line":11,"column":null}},"7":{"start":{"line":12,"column":4},"end":{"line":12,"column":null}},"8":{"start":{"line":13,"column":4},"end":{"line":13,"column":null}},"9":{"start":{"line":14,"column":4},"end":{"line":14,"column":null}},"10":{"start":{"line":15,"column":4},"end":{"line":15,"column":null}},"11":{"start":{"line":16,"column":4},"end":{"line":16,"column":null}},"12":{"start":{"line":17,"column":4},"end":{"line":17,"column":null}},"13":{"start":{"line":18,"column":4},"end":{"line":18,"column":null}},"14":{"start":{"line":5,"column":12},"end":{"line":5,"column":null}}},"fnMap":{"0":{"name":"(anonymous_0)","decl":{"start":{"line":5,"column":7},"end":{"line":5,"column":12}},"loc":{"start":{"line":5,"column":7},"end":{"line":5,"column":null}},"line":5}},"branchMap":{"0":{"loc":{"start":{"line":5,"column":12},"end":{"line":5,"column":null}},"type":"binary-expr","locations":[{"start":{"line":5,"column":12},"end":{"line":5,"column":null}},{"start":{"line":5,"column":12},"end":{"line":5,"column":null}}],"line":5}},"s":{"0":5,"1":5,"2":5,"3":5,"4":5,"5":5,"6":5,"7":5,"8":5,"9":5,"10":5,"11":5,"12":5,"13":5,"14":5},"f":{"0":5},"b":{"0":[5,5]},"meta":{"lastBranch":1,"lastFunction":1,"lastStatement":15,"seen":{"s:5:7:5:Infinity":0,"f:5:7:5:12":0,"s:6:4:6:Infinity":1,"s:7:4:7:Infinity":2,"s:8:4:8:Infinity":3,"s:9:4:9:Infinity":4,"s:10:4:10:Infinity":5,"s:11:4:11:Infinity":6,"s:12:4:12:Infinity":7,"s:13:4:13:Infinity":8,"s:14:4:14:Infinity":9,"s:15:4:15:Infinity":10,"s:16:4:16:Infinity":11,"s:17:4:17:Infinity":12,"s:18:4:18:Infinity":13,"s:5:12:5:Infinity":14,"b:5:12:5:Infinity:5:12:5:Infinity":0}}}
,"/home/bdavidriggins/Documents/prop_manager_pro/src/lib/utils/image-compression.ts": {"path":"/home/bdavidriggins/Documents/prop_manager_pro/src/lib/utils/image-compression.ts","statementMap":{"0":{"start":{"line":28,"column":8},"end":{"line":28,"column":null}},"1":{"start":{"line":31,"column":4},"end":{"line":36,"column":null}},"2":{"start":{"line":32,"column":8},"end":{"line":35,"column":null}},"3":{"start":{"line":39,"column":4},"end":{"line":42,"column":null}},"4":{"start":{"line":40,"column":8},"end":{"line":40,"column":null}},"5":{"start":{"line":41,"column":8},"end":{"line":41,"column":null}},"6":{"start":{"line":44,"column":4},"end":{"line":104,"column":null}},"7":{"start":{"line":45,"column":23},"end":{"line":45,"column":null}},"8":{"start":{"line":47,"column":8},"end":{"line":47,"column":null}},"9":{"start":{"line":48,"column":8},"end":{"line":101,"column":null}},"10":{"start":{"line":49,"column":24},"end":{"line":49,"column":null}},"11":{"start":{"line":50,"column":12},"end":{"line":50,"column":null}},"12":{"start":{"line":52,"column":12},"end":{"line":98,"column":null}},"13":{"start":{"line":54,"column":34},"end":{"line":54,"column":null}},"14":{"start":{"line":55,"column":35},"end":{"line":55,"column":null}},"15":{"start":{"line":57,"column":16},"end":{"line":60,"column":null}},"16":{"start":{"line":58,"column":20},"end":{"line":58,"column":null}},"17":{"start":{"line":59,"column":20},"end":{"line":59,"column":null}},"18":{"start":{"line":62,"column":16},"end":{"line":65,"column":null}},"19":{"start":{"line":63,"column":20},"end":{"line":63,"column":null}},"20":{"start":{"line":64,"column":20},"end":{"line":64,"column":null}},"21":{"start":{"line":68,"column":31},"end":{"line":68,"column":null}},"22":{"start":{"line":69,"column":16},"end":{"line":69,"column":null}},"23":{"start":{"line":70,"column":16},"end":{"line":70,"column":null}},"24":{"start":{"line":71,"column":28},"end":{"line":71,"column":null}},"25":{"start":{"line":73,"column":16},"end":{"line":75,"column":null}},"26":{"start":{"line":74,"column":20},"end":{"line":74,"column":null}},"27":{"start":{"line":77,"column":16},"end":{"line":77,"column":null}},"28":{"start":{"line":80,"column":16},"end":{"line":97,"column":null}},"29":{"start":{"line":81,"column":20},"end":{"line":83,"column":null}},"30":{"start":{"line":82,"column":24},"end":{"line":82,"column":null}},"31":{"start":{"line":85,"column":43},"end":{"line":88,"column":null}},"32":{"start":{"line":91,"column":20},"end":{"line":94,"column":null}},"33":{"start":{"line":96,"column":20},"end":{"line":96,"column":null}},"34":{"start":{"line":100,"column":12},"end":{"line":100,"column":null}},"35":{"start":{"line":100,"column":32},"end":{"line":100,"column":null}},"36":{"start":{"line":103,"column":8},"end":{"line":103,"column":null}},"37":{"start":{"line":103,"column":31},"end":{"line":103,"column":null}}},"fnMap":{"0":{"name":"compressImage","decl":{"start":{"line":19,"column":22},"end":{"line":19,"column":null}},"loc":{"start":{"line":22,"column":17},"end":{"line":105,"column":null}},"line":22},"1":{"name":"(anonymous_1)","decl":{"start":{"line":44,"column":23},"end":{"line":44,"column":24}},"loc":{"start":{"line":44,"column":44},"end":{"line":104,"column":5}},"line":44},"2":{"name":"(anonymous_2)","decl":{"start":{"line":48,"column":24},"end":{"line":48,"column":25}},"loc":{"start":{"line":48,"column":35},"end":{"line":101,"column":null}},"line":48},"3":{"name":"(anonymous_3)","decl":{"start":{"line":52,"column":25},"end":{"line":52,"column":31}},"loc":{"start":{"line":52,"column":31},"end":{"line":98,"column":null}},"line":52},"4":{"name":"(anonymous_4)","decl":{"start":{"line":80,"column":30},"end":{"line":80,"column":31}},"loc":{"start":{"line":80,"column":40},"end":{"line":97,"column":19}},"line":80},"5":{"name":"(anonymous_5)","decl":{"start":{"line":100,"column":26},"end":{"line":100,"column":32}},"loc":{"start":{"line":100,"column":32},"end":{"line":100,"column":null}},"line":100},"6":{"name":"(anonymous_6)","decl":{"start":{"line":103,"column":25},"end":{"line":103,"column":31}},"loc":{"start":{"line":103,"column":31},"end":{"line":103,"column":null}},"line":103}},"branchMap":{"0":{"loc":{"start":{"line":21,"column":4},"end":{"line":21,"column":null}},"type":"default-arg","locations":[{"start":{"line":21,"column":34},"end":{"line":21,"column":null}}],"line":21},"1":{"loc":{"start":{"line":24,"column":8},"end":{"line":24,"column":null}},"type":"default-arg","locations":[{"start":{"line":24,"column":19},"end":{"line":24,"column":null}}],"line":24},"2":{"loc":{"start":{"line":25,"column":8},"end":{"line":25,"column":null}},"type":"default-arg","locations":[{"start":{"line":25,"column":20},"end":{"line":25,"column":null}}],"line":25},"3":{"loc":{"start":{"line":26,"column":8},"end":{"line":26,"column":null}},"type":"default-arg","locations":[{"start":{"line":26,"column":18},"end":{"line":26,"column":null}}],"line":26},"4":{"loc":{"start":{"line":27,"column":8},"end":{"line":27,"column":null}},"type":"default-arg","locations":[{"start":{"line":27,"column":20},"end":{"line":27,"column":null}}],"line":27},"5":{"loc":{"start":{"line":31,"column":4},"end":{"line":36,"column":null}},"type":"if","locations":[{"start":{"line":31,"column":4},"end":{"line":36,"column":null}},{"start":{},"end":{}}],"line":31},"6":{"loc":{"start":{"line":39,"column":4},"end":{"line":42,"column":null}},"type":"if","locations":[{"start":{"line":39,"column":4},"end":{"line":42,"column":null}},{"start":{},"end":{}}],"line":39},"7":{"loc":{"start":{"line":57,"column":16},"end":{"line":60,"column":null}},"type":"if","locations":[{"start":{"line":57,"column":16},"end":{"line":60,"column":null}},{"start":{},"end":{}}],"line":57},"8":{"loc":{"start":{"line":62,"column":16},"end":{"line":65,"column":null}},"type":"if","locations":[{"start":{"line":62,"column":16},"end":{"line":65,"column":null}},{"start":{},"end":{}}],"line":62},"9":{"loc":{"start":{"line":73,"column":16},"end":{"line":75,"column":null}},"type":"if","locations":[{"start":{"line":73,"column":16},"end":{"line":75,"column":null}},{"start":{},"end":{}}],"line":73},"10":{"loc":{"start":{"line":81,"column":20},"end":{"line":83,"column":null}},"type":"if","locations":[{"start":{"line":81,"column":20},"end":{"line":83,"column":null}},{"start":{},"end":{}}],"line":81}},"s":{"0":8,"1":8,"2":1,"3":7,"4":1,"5":1,"6":6,"7":6,"8":6,"9":6,"10":5,"11":5,"12":5,"13":4,"14":4,"15":4,"16":3,"17":3,"18":4,"19":3,"20":3,"21":4,"22":4,"23":4,"24":4,"25":4,"26":1,"27":3,"28":3,"29":3,"30":1,"31":2,"32":2,"33":2,"34":5,"35":1,"36":6,"37":1},"f":{"0":8,"1":6,"2":5,"3":4,"4":3,"5":1,"6":1},"b":{"0":[8],"1":[8],"2":[8],"3":[8],"4":[8],"5":[1,7],"6":[1,6],"7":[3,1],"8":[3,1],"9":[1,3],"10":[1,2]},"meta":{"lastBranch":11,"lastFunction":7,"lastStatement":38,"seen":{"f:19:22:19:Infinity":0,"b:21:34:21:Infinity":0,"s:28:8:28:Infinity":0,"b:24:19:24:Infinity":1,"b:25:20:25:Infinity":2,"b:26:18:26:Infinity":3,"b:27:20:27:Infinity":4,"b:31:4:36:Infinity:undefined:undefined:undefined:undefined":5,"s:31:4:36:Infinity":1,"s:32:8:35:Infinity":2,"b:39:4:42:Infinity:undefined:undefined:undefined:undefined":6,"s:39:4:42:Infinity":3,"s:40:8:40:Infinity":4,"s:41:8:41:Infinity":5,"s:44:4:104:Infinity":6,"f:44:23:44:24":1,"s:45:23:45:Infinity":7,"s:47:8:47:Infinity":8,"s:48:8:101:Infinity":9,"f:48:24:48:25":2,"s:49:24:49:Infinity":10,"s:50:12:50:Infinity":11,"s:52:12:98:Infinity":12,"f:52:25:52:31":3,"s:54:34:54:Infinity":13,"s:55:35:55:Infinity":14,"b:57:16:60:Infinity:undefined:undefined:undefined:undefined":7,"s:57:16:60:Infinity":15,"s:58:20:58:Infinity":16,"s:59:20:59:Infinity":17,"b:62:16:65:Infinity:undefined:undefined:undefined:undefined":8,"s:62:16:65:Infinity":18,"s:63:20:63:Infinity":19,"s:64:20:64:Infinity":20,"s:68:31:68:Infinity":21,"s:69:16:69:Infinity":22,"s:70:16:70:Infinity":23,"s:71:28:71:Infinity":24,"b:73:16:75:Infinity:undefined:undefined:undefined:undefined":9,"s:73:16:75:Infinity":25,"s:74:20:74:Infinity":26,"s:77:16:77:Infinity":27,"s:80:16:97:Infinity":28,"f:80:30:80:31":4,"b:81:20:83:Infinity:undefined:undefined:undefined:undefined":10,"s:81:20:83:Infinity":29,"s:82:24:82:Infinity":30,"s:85:43:88:Infinity":31,"s:91:20:94:Infinity":32,"s:96:20:96:Infinity":33,"s:100:12:100:Infinity":34,"f:100:26:100:32":5,"s:100:32:100:Infinity":35,"s:103:8:103:Infinity":36,"f:103:25:103:31":6,"s:103:31:103:Infinity":37}}}
}
