<?xml version="1.0" encoding="UTF-8"?>
<coverage generated="1772656835148" clover="3.2.0">
  <project timestamp="1772656835148" name="All files">
    <metrics statements="33" coveredstatements="28" conditionals="18" coveredconditionals="15" methods="5" coveredmethods="2" elements="56" coveredelements="45" complexity="0" loc="33" ncloc="33" packages="1" files="1" classes="1"/>
    <file name="index.ts" path="/home/bdavidriggins/Documents/prop_manager_pro/functions/src/index.ts">
      <metrics statements="33" coveredstatements="28" conditionals="18" coveredconditionals="15" methods="5" coveredmethods="2"/>
      <line num="5" count="1" type="stmt"/>
      <line num="8" count="0" type="stmt"/>
      <line num="14" count="1" type="stmt"/>
      <line num="15" count="0" type="stmt"/>
      <line num="16" count="0" type="stmt"/>
      <line num="19" count="1" type="stmt"/>
      <line num="20" count="0" type="stmt"/>
      <line num="21" count="0" type="stmt"/>
      <line num="25" count="1" type="stmt"/>
      <line num="26" count="1" type="stmt"/>
      <line num="35" count="1" type="stmt"/>
      <line num="38" count="3" type="stmt"/>
      <line num="39" count="3" type="cond" truecount="1" falsecount="1"/>
      <line num="42" count="3" type="cond" truecount="2" falsecount="0"/>
      <line num="43" count="3" type="cond" truecount="4" falsecount="0"/>
      <line num="44" count="1" type="stmt"/>
      <line num="45" count="1" type="stmt"/>
      <line num="48" count="2" type="stmt"/>
      <line num="51" count="2" type="stmt"/>
      <line num="52" count="2" type="stmt"/>
      <line num="53" count="2" type="stmt"/>
      <line num="55" count="2" type="stmt"/>
      <line num="56" count="2" type="stmt"/>
      <line num="58" count="2" type="stmt"/>
      <line num="59" count="4" type="stmt"/>
      <line num="60" count="4" type="cond" truecount="3" falsecount="1"/>
      <line num="61" count="4" type="stmt"/>
      <line num="63" count="4" type="cond" truecount="2" falsecount="0"/>
      <line num="64" count="2" type="stmt"/>
      <line num="69" count="2" type="stmt"/>
      <line num="75" count="1" type="stmt"/>
      <line num="78" count="1" type="cond" truecount="1" falsecount="1"/>
      <line num="79" count="1" type="stmt"/>
    </file>
  </project>
</coverage>
