{"/home/bdavidriggins/Documents/prop_manager_pro/functions/src/index.ts": {"path":"/home/bdavidriggins/Documents/prop_manager_pro/functions/src/index.ts","statementMap":{"0":{"start":{"line":5,"column":6},"end":{"line":12,"column":null}},"1":{"start":{"line":8,"column":35},"end":{"line":8,"column":null}},"2":{"start":{"line":14,"column":0},"end":{"line":17,"column":null}},"3":{"start":{"line":15,"column":4},"end":{"line":15,"column":null}},"4":{"start":{"line":16,"column":4},"end":{"line":16,"column":null}},"5":{"start":{"line":19,"column":0},"end":{"line":22,"column":null}},"6":{"start":{"line":20,"column":4},"end":{"line":20,"column":null}},"7":{"start":{"line":21,"column":4},"end":{"line":21,"column":null}},"8":{"start":{"line":25,"column":0},"end":{"line":25,"column":null}},"9":{"start":{"line":26,"column":11},"end":{"line":26,"column":null}},"10":{"start":{"line":35,"column":13},"end":{"line":86,"column":null}},"11":{"start":{"line":38,"column":21},"end":{"line":38,"column":null}},"12":{"start":{"line":39,"column":8},"end":{"line":39,"column":null}},"13":{"start":{"line":39,"column":19},"end":{"line":39,"column":null}},"14":{"start":{"line":42,"column":27},"end":{"line":42,"column":null}},"15":{"start":{"line":43,"column":8},"end":{"line":46,"column":null}},"16":{"start":{"line":44,"column":12},"end":{"line":44,"column":null}},"17":{"start":{"line":45,"column":12},"end":{"line":45,"column":null}},"18":{"start":{"line":48,"column":24},"end":{"line":48,"column":null}},"19":{"start":{"line":51,"column":8},"end":{"line":84,"column":null}},"20":{"start":{"line":52,"column":31},"end":{"line":52,"column":null}},"21":{"start":{"line":53,"column":29},"end":{"line":53,"column":null}},"22":{"start":{"line":55,"column":31},"end":{"line":55,"column":null}},"23":{"start":{"line":56,"column":38},"end":{"line":56,"column":null}},"24":{"start":{"line":58,"column":12},"end":{"line":66,"column":null}},"25":{"start":{"line":59,"column":31},"end":{"line":59,"column":null}},"26":{"start":{"line":60,"column":16},"end":{"line":62,"column":null}},"27":{"start":{"line":61,"column":20},"end":{"line":61,"column":null}},"28":{"start":{"line":63,"column":16},"end":{"line":65,"column":null}},"29":{"start":{"line":64,"column":20},"end":{"line":64,"column":null}},"30":{"start":{"line":69,"column":12},"end":{"line":73,"column":null}},"31":{"start":{"line":75,"column":12},"end":{"line":75,"column":null}},"32":{"start":{"line":78,"column":26},"end":{"line":78,"column":null}},"33":{"start":{"line":79,"column":12},"end":{"line":83,"column":null}}},"fnMap":{"0":{"name":"(anonymous_0)","decl":{"start":{"line":8,"column":15},"end":{"line":8,"column":16}},"loc":{"start":{"line":8,"column":35},"end":{"line":8,"column":null}},"line":8},"1":{"name":"(anonymous_1)","decl":{"start":{"line":14,"column":32},"end":{"line":14,"column":33}},"loc":{"start":{"line":14,"column":50},"end":{"line":17,"column":1}},"line":14},"2":{"name":"(anonymous_2)","decl":{"start":{"line":19,"column":33},"end":{"line":19,"column":34}},"loc":{"start":{"line":19,"column":54},"end":{"line":22,"column":1}},"line":19},"3":{"name":"(anonymous_3)","decl":{"start":{"line":37,"column":4},"end":{"line":37,"column":11}},"loc":{"start":{"line":37,"column":21},"end":{"line":85,"column":null}},"line":37},"4":{"name":"(anonymous_4)","decl":{"start":{"line":58,"column":29},"end":{"line":58,"column":30}},"loc":{"start":{"line":58,"column":38},"end":{"line":66,"column":13}},"line":58}},"branchMap":{"0":{"loc":{"start":{"line":6,"column":11},"end":{"line":6,"column":null}},"type":"binary-expr","locations":[{"start":{"line":6,"column":11},"end":{"line":6,"column":51}},{"start":{"line":6,"column":51},"end":{"line":6,"column":null}}],"line":6},"1":{"loc":{"start":{"line":39,"column":8},"end":{"line":39,"column":null}},"type":"if","locations":[{"start":{"line":39,"column":8},"end":{"line":39,"column":null}},{"start":{},"end":{}}],"line":39},"2":{"loc":{"start":{"line":42,"column":27},"end":{"line":42,"column":null}},"type":"cond-expr","locations":[{"start":{"line":42,"column":47},"end":{"line":42,"column":67}},{"start":{"line":42,"column":67},"end":{"line":42,"column":null}}],"line":42},"3":{"loc":{"start":{"line":43,"column":8},"end":{"line":46,"column":null}},"type":"if","locations":[{"start":{"line":43,"column":8},"end":{"line":46,"column":null}},{"start":{},"end":{}}],"line":43},"4":{"loc":{"start":{"line":43,"column":12},"end":{"line":43,"column":48}},"type":"binary-expr","locations":[{"start":{"line":43,"column":12},"end":{"line":43,"column":27}},{"start":{"line":43,"column":27},"end":{"line":43,"column":48}}],"line":43},"5":{"loc":{"start":{"line":60,"column":16},"end":{"line":62,"column":null}},"type":"if","locations":[{"start":{"line":60,"column":16},"end":{"line":62,"column":null}},{"start":{},"end":{}}],"line":60},"6":{"loc":{"start":{"line":60,"column":20},"end":{"line":60,"column":64}},"type":"binary-expr","locations":[{"start":{"line":60,"column":20},"end":{"line":60,"column":37}},{"start":{"line":60,"column":37},"end":{"line":60,"column":64}}],"line":60},"7":{"loc":{"start":{"line":63,"column":16},"end":{"line":65,"column":null}},"type":"if","locations":[{"start":{"line":63,"column":16},"end":{"line":65,"column":null}},{"start":{},"end":{}}],"line":63},"8":{"loc":{"start":{"line":78,"column":26},"end":{"line":78,"column":null}},"type":"cond-expr","locations":[{"start":{"line":78,"column":49},"end":{"line":78,"column":55}},{"start":{"line":78,"column":55},"end":{"line":78,"column":null}}],"line":78}},"s":{"0":1,"1":0,"2":1,"3":0,"4":0,"5":1,"6":0,"7":0,"8":1,"9":1,"10":1,"11":3,"12":3,"13":0,"14":3,"15":3,"16":1,"17":1,"18":2,"19":2,"20":2,"21":2,"22":2,"23":2,"24":2,"25":4,"26":4,"27":4,"28":4,"29":2,"30":2,"31":1,"32":1,"33":1},"f":{"0":0,"1":0,"2":0,"3":3,"4":4},"b":{"0":[1,1],"1":[0,3],"2":[2,1],"3":[1,2],"4":[3,3],"5":[4,0],"6":[4,4],"7":[2,2],"8":[1,0]},"meta":{"lastBranch":9,"lastFunction":5,"lastStatement":34,"seen":{"s:5:6:12:Infinity":0,"b:6:11:6:51:6:51:6:Infinity":0,"f:8:15:8:16":0,"s:8:35:8:Infinity":1,"s:14:0:17:Infinity":2,"f:14:32:14:33":1,"s:15:4:15:Infinity":3,"s:16:4:16:Infinity":4,"s:19:0:22:Infinity":5,"f:19:33:19:34":2,"s:20:4:20:Infinity":6,"s:21:4:21:Infinity":7,"s:25:0:25:Infinity":8,"s:26:11:26:Infinity":9,"s:35:13:86:Infinity":10,"f:37:4:37:11":3,"s:38:21:38:Infinity":11,"b:39:8:39:Infinity:undefined:undefined:undefined:undefined":1,"s:39:8:39:Infinity":12,"s:39:19:39:Infinity":13,"s:42:27:42:Infinity":14,"b:42:47:42:67:42:67:42:Infinity":2,"b:43:8:46:Infinity:undefined:undefined:undefined:undefined":3,"s:43:8:46:Infinity":15,"b:43:12:43:27:43:27:43:48":4,"s:44:12:44:Infinity":16,"s:45:12:45:Infinity":17,"s:48:24:48:Infinity":18,"s:51:8:84:Infinity":19,"s:52:31:52:Infinity":20,"s:53:29:53:Infinity":21,"s:55:31:55:Infinity":22,"s:56:38:56:Infinity":23,"s:58:12:66:Infinity":24,"f:58:29:58:30":4,"s:59:31:59:Infinity":25,"b:60:16:62:Infinity:undefined:undefined:undefined:undefined":5,"s:60:16:62:Infinity":26,"b:60:20:60:37:60:37:60:64":6,"s:61:20:61:Infinity":27,"b:63:16:65:Infinity:undefined:undefined:undefined:undefined":7,"s:63:16:65:Infinity":28,"s:64:20:64:Infinity":29,"s:69:12:73:Infinity":30,"s:75:12:75:Infinity":31,"s:78:26:78:Infinity":32,"b:78:49:78:55:78:55:78:Infinity":8,"s:79:12:83:Infinity":33}}}
}
